<?xml version="1.0" encoding="UTF-8"?>
<coverage generated="1644631163805" clover="3.2.0">
  <project timestamp="1644631163805" name="All files">
    <metrics statements="47" coveredstatements="47" conditionals="26" coveredconditionals="26" methods="13" coveredmethods="13" elements="86" coveredelements="86" complexity="0" loc="47" ncloc="47" packages="1" files="3" classes="3"/>
    <file name="Cart.js" path="/Users/dindigital/Jobs/jest-course/src/lib/Cart.js">
      <metrics statements="32" coveredstatements="32" conditionals="16" coveredconditionals="16" methods="8" coveredmethods="8"/>
      <line num="5" count="1" type="stmt"/>
      <line num="7" count="1" type="stmt"/>
      <line num="8" count="1" type="stmt"/>
      <line num="10" count="1" type="stmt"/>
      <line num="11" count="2" type="cond" truecount="4" falsecount="0"/>
      <line num="12" count="1" type="stmt"/>
      <line num="15" count="1" type="stmt"/>
      <line num="18" count="1" type="stmt"/>
      <line num="19" count="3" type="stmt"/>
      <line num="21" count="3" type="cond" truecount="4" falsecount="0"/>
      <line num="22" count="2" type="cond" truecount="2" falsecount="0"/>
      <line num="25" count="1" type="stmt"/>
      <line num="29" count="12" type="stmt"/>
      <line num="32" count="15" type="stmt"/>
      <line num="34" count="15" type="cond" truecount="2" falsecount="0"/>
      <line num="35" count="1" type="stmt"/>
      <line num="38" count="15" type="stmt"/>
      <line num="42" count="1" type="stmt"/>
      <line num="46" count="14" type="stmt"/>
      <line num="47" count="15" type="stmt"/>
      <line num="48" count="15" type="stmt"/>
      <line num="50" count="15" type="cond" truecount="2" falsecount="0"/>
      <line num="51" count="2" type="stmt"/>
      <line num="52" count="13" type="cond" truecount="2" falsecount="0"/>
      <line num="53" count="3" type="stmt"/>
      <line num="56" count="15" type="stmt"/>
      <line num="61" count="3" type="stmt"/>
      <line num="62" count="3" type="stmt"/>
      <line num="64" count="3" type="stmt"/>
      <line num="71" count="2" type="stmt"/>
      <line num="73" count="2" type="stmt"/>
      <line num="75" count="2" type="stmt"/>
    </file>
    <file name="calculator.js" path="/Users/dindigital/Jobs/jest-course/src/lib/calculator.js">
      <metrics statements="5" coveredstatements="5" conditionals="4" coveredconditionals="4" methods="1" coveredmethods="1"/>
      <line num="2" count="6" type="stmt"/>
      <line num="3" count="6" type="stmt"/>
      <line num="5" count="6" type="cond" truecount="4" falsecount="0"/>
      <line num="6" count="4" type="stmt"/>
      <line num="9" count="2" type="stmt"/>
    </file>
    <file name="queryString.js" path="/Users/dindigital/Jobs/jest-course/src/lib/queryString.js">
      <metrics statements="10" coveredstatements="10" conditionals="6" coveredconditionals="6" methods="4" coveredmethods="4"/>
      <line num="1" count="1" type="stmt"/>
      <line num="2" count="8" type="cond" truecount="4" falsecount="0"/>
      <line num="3" count="1" type="stmt"/>
      <line num="6" count="7" type="stmt"/>
      <line num="9" count="3" type="stmt"/>
      <line num="11" count="2" type="stmt"/>
      <line num="13" count="5" type="stmt"/>
      <line num="16" count="5" type="cond" truecount="2" falsecount="0"/>
      <line num="17" count="1" type="stmt"/>
      <line num="20" count="5" type="stmt"/>
    </file>
  </project>
</coverage>
