<?xml version="1.0" encoding="UTF-8"?>
<coverage generated="1643767528202" clover="3.2.0">
  <project timestamp="1643767528202" name="All files">
    <metrics statements="16" coveredstatements="16" conditionals="10" coveredconditionals="10" methods="5" coveredmethods="5" elements="31" coveredelements="31" complexity="0" loc="16" ncloc="16" packages="1" files="2" classes="2"/>
    <file name="calculator.js" path="/Users/dindigital/Jobs/jest-course/src/lib/calculator.js">
      <metrics statements="6" coveredstatements="6" conditionals="4" coveredconditionals="4" methods="1" coveredmethods="1"/>
      <line num="1" count="1" type="stmt"/>
      <line num="2" count="6" type="stmt"/>
      <line num="3" count="6" type="stmt"/>
      <line num="5" count="6" type="cond" truecount="4" falsecount="0"/>
      <line num="6" count="4" type="stmt"/>
      <line num="9" count="2" type="stmt"/>
    </file>
    <file name="queryString.js" path="/Users/dindigital/Jobs/jest-course/src/lib/queryString.js">
      <metrics statements="10" coveredstatements="10" conditionals="6" coveredconditionals="6" methods="4" coveredmethods="4"/>
      <line num="1" count="1" type="stmt"/>
      <line num="2" count="8" type="cond" truecount="4" falsecount="0"/>
      <line num="3" count="1" type="stmt"/>
      <line num="6" count="7" type="stmt"/>
      <line num="9" count="3" type="stmt"/>
      <line num="11" count="2" type="stmt"/>
      <line num="13" count="5" type="stmt"/>
      <line num="16" count="5" type="cond" truecount="2" falsecount="0"/>
      <line num="17" count="1" type="stmt"/>
      <line num="20" count="5" type="stmt"/>
    </file>
  </project>
</coverage>
