{"/Users/dindigital/Jobs/jest-course/src/lib/Cart.js": {"path":"/Users/dindigital/Jobs/jest-course/src/lib/Cart.js","statementMap":{"0":{"start":{"line":5,"column":14},"end":{"line":5,"column":20}},"1":{"start":{"line":7,"column":0},"end":{"line":7,"column":30}},"2":{"start":{"line":8,"column":0},"end":{"line":8,"column":27}},"3":{"start":{"line":10,"column":34},"end":{"line":16,"column":1}},"4":{"start":{"line":11,"column":2},"end":{"line":13,"column":3}},"5":{"start":{"line":12,"column":4},"end":{"line":12,"column":58}},"6":{"start":{"line":15,"column":2},"end":{"line":15,"column":30}},"7":{"start":{"line":18,"column":32},"end":{"line":26,"column":1}},"8":{"start":{"line":19,"column":17},"end":{"line":19,"column":40}},"9":{"start":{"line":21,"column":2},"end":{"line":23,"column":3}},"10":{"start":{"line":22,"column":4},"end":{"line":22,"column":47}},"11":{"start":{"line":25,"column":2},"end":{"line":25,"column":30}},"12":{"start":{"line":29,"column":10},"end":{"line":29,"column":12}},"13":{"start":{"line":32,"column":23},"end":{"line":32,"column":48}},"14":{"start":{"line":34,"column":4},"end":{"line":36,"column":5}},"15":{"start":{"line":35,"column":6},"end":{"line":35,"column":37}},"16":{"start":{"line":38,"column":4},"end":{"line":38,"column":26}},"17":{"start":{"line":42,"column":4},"end":{"line":42,"column":36}},"18":{"start":{"line":46,"column":4},"end":{"line":57,"column":29}},"19":{"start":{"line":47,"column":21},"end":{"line":47,"column":74}},"20":{"start":{"line":48,"column":21},"end":{"line":48,"column":41}},"21":{"start":{"line":50,"column":6},"end":{"line":54,"column":7}},"22":{"start":{"line":51,"column":8},"end":{"line":51,"column":59}},"23":{"start":{"line":52,"column":13},"end":{"line":54,"column":7}},"24":{"start":{"line":53,"column":8},"end":{"line":53,"column":57}},"25":{"start":{"line":56,"column":6},"end":{"line":56,"column":48}},"26":{"start":{"line":61,"column":18},"end":{"line":61,"column":45}},"27":{"start":{"line":62,"column":18},"end":{"line":62,"column":28}},"28":{"start":{"line":64,"column":4},"end":{"line":67,"column":6}},"29":{"start":{"line":71,"column":29},"end":{"line":71,"column":43}},"30":{"start":{"line":73,"column":4},"end":{"line":73,"column":20}},"31":{"start":{"line":75,"column":4},"end":{"line":78,"column":6}}},"fnMap":{"0":{"name":"(anonymous_0)","decl":{"start":{"line":10,"column":34},"end":{"line":10,"column":35}},"loc":{"start":{"line":10,"column":52},"end":{"line":16,"column":1}},"line":10},"1":{"name":"(anonymous_1)","decl":{"start":{"line":18,"column":32},"end":{"line":18,"column":33}},"loc":{"start":{"line":18,"column":50},"end":{"line":26,"column":1}},"line":18},"2":{"name":"(anonymous_2)","decl":{"start":{"line":31,"column":2},"end":{"line":31,"column":3}},"loc":{"start":{"line":31,"column":12},"end":{"line":39,"column":3}},"line":31},"3":{"name":"(anonymous_3)","decl":{"start":{"line":41,"column":2},"end":{"line":41,"column":3}},"loc":{"start":{"line":41,"column":18},"end":{"line":43,"column":3}},"line":41},"4":{"name":"(anonymous_4)","decl":{"start":{"line":45,"column":2},"end":{"line":45,"column":3}},"loc":{"start":{"line":45,"column":13},"end":{"line":58,"column":3}},"line":45},"5":{"name":"(anonymous_5)","decl":{"start":{"line":46,"column":29},"end":{"line":46,"column":30}},"loc":{"start":{"line":46,"column":44},"end":{"line":57,"column":5}},"line":46},"6":{"name":"(anonymous_6)","decl":{"start":{"line":60,"column":2},"end":{"line":60,"column":3}},"loc":{"start":{"line":60,"column":12},"end":{"line":68,"column":3}},"line":60},"7":{"name":"(anonymous_7)","decl":{"start":{"line":70,"column":2},"end":{"line":70,"column":3}},"loc":{"start":{"line":70,"column":13},"end":{"line":79,"column":3}},"line":70}},"branchMap":{"0":{"loc":{"start":{"line":11,"column":2},"end":{"line":13,"column":3}},"type":"if","locations":[{"start":{"line":11,"column":2},"end":{"line":13,"column":3}},{"start":{},"end":{}}],"line":11},"1":{"loc":{"start":{"line":11,"column":6},"end":{"line":11,"column":77}},"type":"binary-expr","locations":[{"start":{"line":11,"column":6},"end":{"line":11,"column":33}},{"start":{"line":11,"column":37},"end":{"line":11,"column":77}}],"line":11},"2":{"loc":{"start":{"line":21,"column":2},"end":{"line":23,"column":3}},"type":"if","locations":[{"start":{"line":21,"column":2},"end":{"line":23,"column":3}},{"start":{},"end":{}}],"line":21},"3":{"loc":{"start":{"line":21,"column":6},"end":{"line":21,"column":74}},"type":"binary-expr","locations":[{"start":{"line":21,"column":6},"end":{"line":21,"column":30}},{"start":{"line":21,"column":34},"end":{"line":21,"column":74}}],"line":21},"4":{"loc":{"start":{"line":22,"column":29},"end":{"line":22,"column":45}},"type":"cond-expr","locations":[{"start":{"line":22,"column":38},"end":{"line":22,"column":40}},{"start":{"line":22,"column":43},"end":{"line":22,"column":45}}],"line":22},"5":{"loc":{"start":{"line":34,"column":4},"end":{"line":36,"column":5}},"type":"if","locations":[{"start":{"line":34,"column":4},"end":{"line":36,"column":5}},{"start":{},"end":{}}],"line":34},"6":{"loc":{"start":{"line":50,"column":6},"end":{"line":54,"column":7}},"type":"if","locations":[{"start":{"line":50,"column":6},"end":{"line":54,"column":7}},{"start":{"line":52,"column":13},"end":{"line":54,"column":7}}],"line":50},"7":{"loc":{"start":{"line":52,"column":13},"end":{"line":54,"column":7}},"type":"if","locations":[{"start":{"line":52,"column":13},"end":{"line":54,"column":7}},{"start":{},"end":{}}],"line":52}},"s":{"0":1,"1":1,"2":1,"3":1,"4":2,"5":1,"6":1,"7":1,"8":3,"9":3,"10":2,"11":1,"12":12,"13":15,"14":15,"15":1,"16":15,"17":1,"18":14,"19":15,"20":15,"21":15,"22":2,"23":13,"24":3,"25":15,"26":3,"27":3,"28":3,"29":2,"30":2,"31":2},"f":{"0":2,"1":3,"2":15,"3":1,"4":14,"5":15,"6":3,"7":2},"b":{"0":[1,1],"1":[2,2],"2":[2,1],"3":[3,3],"4":[1,1],"5":[1,14],"6":[2,13],"7":[3,10]},"_coverageSchema":"1a1c01bbd47fc00a2c39e90264f33305004495a9","hash":"b504e52f0112c99e17336e4600ae46752fb95dff"}
,"/Users/dindigital/Jobs/jest-course/src/lib/calculator.js": {"path":"/Users/dindigital/Jobs/jest-course/src/lib/calculator.js","statementMap":{"0":{"start":{"line":2,"column":15},"end":{"line":2,"column":33}},"1":{"start":{"line":3,"column":15},"end":{"line":3,"column":33}},"2":{"start":{"line":5,"column":2},"end":{"line":7,"column":3}},"3":{"start":{"line":6,"column":4},"end":{"line":6,"column":47}},"4":{"start":{"line":9,"column":2},"end":{"line":9,"column":21}}},"fnMap":{"0":{"name":"sum","decl":{"start":{"line":1,"column":16},"end":{"line":1,"column":19}},"loc":{"start":{"line":1,"column":33},"end":{"line":10,"column":1}},"line":1}},"branchMap":{"0":{"loc":{"start":{"line":5,"column":2},"end":{"line":7,"column":3}},"type":"if","locations":[{"start":{"line":5,"column":2},"end":{"line":7,"column":3}},{"start":{},"end":{}}],"line":5},"1":{"loc":{"start":{"line":5,"column":6},"end":{"line":5,"column":46}},"type":"binary-expr","locations":[{"start":{"line":5,"column":6},"end":{"line":5,"column":24}},{"start":{"line":5,"column":28},"end":{"line":5,"column":46}}],"line":5}},"s":{"0":6,"1":6,"2":6,"3":4,"4":2},"f":{"0":6},"b":{"0":[4,2],"1":[6,3]},"_coverageSchema":"1a1c01bbd47fc00a2c39e90264f33305004495a9","hash":"6ba4d3ebe909846b2c642b3e9131d56132d1c50a"}
,"/Users/dindigital/Jobs/jest-course/src/lib/queryString.js": {"path":"/Users/dindigital/Jobs/jest-course/src/lib/queryString.js","statementMap":{"0":{"start":{"line":1,"column":25},"end":{"line":7,"column":1}},"1":{"start":{"line":2,"column":2},"end":{"line":4,"column":3}},"2":{"start":{"line":3,"column":4},"end":{"line":3,"column":48}},"3":{"start":{"line":6,"column":2},"end":{"line":6,"column":27}},"4":{"start":{"line":9,"column":27},"end":{"line":9,"column":85}},"5":{"start":{"line":9,"column":34},"end":{"line":9,"column":85}},"6":{"start":{"line":11,"column":21},"end":{"line":22,"column":1}},"7":{"start":{"line":11,"column":31},"end":{"line":22,"column":1}},"8":{"start":{"line":13,"column":23},"end":{"line":13,"column":38}},"9":{"start":{"line":16,"column":4},"end":{"line":18,"column":5}},"10":{"start":{"line":17,"column":6},"end":{"line":17,"column":31}},"11":{"start":{"line":20,"column":4},"end":{"line":20,"column":24}}},"fnMap":{"0":{"name":"(anonymous_0)","decl":{"start":{"line":1,"column":25},"end":{"line":1,"column":26}},"loc":{"start":{"line":1,"column":43},"end":{"line":7,"column":1}},"line":1},"1":{"name":"(anonymous_1)","decl":{"start":{"line":9,"column":27},"end":{"line":9,"column":28}},"loc":{"start":{"line":9,"column":34},"end":{"line":9,"column":85}},"line":9},"2":{"name":"(anonymous_2)","decl":{"start":{"line":11,"column":21},"end":{"line":11,"column":22}},"loc":{"start":{"line":11,"column":31},"end":{"line":22,"column":1}},"line":11},"3":{"name":"(anonymous_3)","decl":{"start":{"line":12,"column":24},"end":{"line":12,"column":25}},"loc":{"start":{"line":12,"column":32},"end":{"line":21,"column":3}},"line":12}},"branchMap":{"0":{"loc":{"start":{"line":2,"column":2},"end":{"line":4,"column":3}},"type":"if","locations":[{"start":{"line":2,"column":2},"end":{"line":4,"column":3}},{"start":{},"end":{}}],"line":2},"1":{"loc":{"start":{"line":2,"column":6},"end":{"line":2,"column":56}},"type":"binary-expr","locations":[{"start":{"line":2,"column":6},"end":{"line":2,"column":31}},{"start":{"line":2,"column":35},"end":{"line":2,"column":56}}],"line":2},"2":{"loc":{"start":{"line":16,"column":4},"end":{"line":18,"column":5}},"type":"if","locations":[{"start":{"line":16,"column":4},"end":{"line":18,"column":5}},{"start":{},"end":{}}],"line":16}},"s":{"0":1,"1":8,"2":1,"3":7,"4":1,"5":3,"6":1,"7":2,"8":5,"9":5,"10":1,"11":5},"f":{"0":8,"1":3,"2":2,"3":5},"b":{"0":[1,7],"1":[8,2],"2":[1,4]},"_coverageSchema":"1a1c01bbd47fc00a2c39e90264f33305004495a9","hash":"b95f1c09ce40fdd759d51d1fc5d211399603461c"}
}
