TN:
SF:src/lib/calculator.js
FN:1,(anonymous_0)
FNF:1
FNH:1
FNDA:6,(anonymous_0)
DA:1,1
DA:2,6
DA:3,6
DA:5,6
DA:6,4
DA:9,2
LF:6
LH:6
BRDA:5,0,0,4
BRDA:5,0,1,2
BRDA:5,1,0,6
BRDA:5,1,1,3
BRF:4
BRH:4
end_of_record
TN:
SF:src/lib/queryString.js
FN:1,(anonymous_0)
FN:9,(anonymous_1)
FN:11,(anonymous_2)
FN:12,(anonymous_3)
FNF:4
FNH:4
FNDA:8,(anonymous_0)
FNDA:3,(anonymous_1)
FNDA:2,(anonymous_2)
FNDA:5,(anonymous_3)
DA:1,1
DA:2,8
DA:3,1
DA:6,7
DA:9,3
DA:11,2
DA:13,5
DA:16,5
DA:17,1
DA:20,5
LF:10
LH:10
BRDA:2,0,0,1
BRDA:2,0,1,7
BRDA:2,1,0,8
BRDA:2,1,1,2
BRDA:16,2,0,1
BRDA:16,2,1,4
BRF:6
BRH:6
end_of_record
