TN:
SF:src/lib/Cart.js
FN:10,(anonymous_0)
FN:18,(anonymous_1)
FN:31,(anonymous_2)
FN:41,(anonymous_3)
FN:45,(anonymous_4)
FN:46,(anonymous_5)
FN:60,(anonymous_6)
FN:70,(anonymous_7)
FNF:8
FNH:8
FNDA:2,(anonymous_0)
FNDA:3,(anonymous_1)
FNDA:15,(anonymous_2)
FNDA:1,(anonymous_3)
FNDA:14,(anonymous_4)
FNDA:15,(anonymous_5)
FNDA:3,(anonymous_6)
FNDA:2,(anonymous_7)
DA:5,1
DA:7,1
DA:8,1
DA:10,1
DA:11,2
DA:12,1
DA:15,1
DA:18,1
DA:19,3
DA:21,3
DA:22,2
DA:25,1
DA:29,12
DA:32,15
DA:34,15
DA:35,1
DA:38,15
DA:42,1
DA:46,14
DA:47,15
DA:48,15
DA:50,15
DA:51,2
DA:52,13
DA:53,3
DA:56,15
DA:61,3
DA:62,3
DA:64,3
DA:71,2
DA:73,2
DA:75,2
LF:32
LH:32
BRDA:11,0,0,1
BRDA:11,0,1,1
BRDA:11,1,0,2
BRDA:11,1,1,2
BRDA:21,2,0,2
BRDA:21,2,1,1
BRDA:21,3,0,3
BRDA:21,3,1,3
BRDA:22,4,0,1
BRDA:22,4,1,1
BRDA:34,5,0,1
BRDA:34,5,1,14
BRDA:50,6,0,2
BRDA:50,6,1,13
BRDA:52,7,0,3
BRDA:52,7,1,10
BRF:16
BRH:16
end_of_record
TN:
SF:src/lib/calculator.js
FN:1,sum
FNF:1
FNH:1
FNDA:6,sum
DA:2,6
DA:3,6
DA:5,6
DA:6,4
DA:9,2
LF:5
LH:5
BRDA:5,0,0,4
BRDA:5,0,1,2
BRDA:5,1,0,6
BRDA:5,1,1,3
BRF:4
BRH:4
end_of_record
TN:
SF:src/lib/queryString.js
FN:1,(anonymous_0)
FN:9,(anonymous_1)
FN:11,(anonymous_2)
FN:12,(anonymous_3)
FNF:4
FNH:4
FNDA:8,(anonymous_0)
FNDA:3,(anonymous_1)
FNDA:2,(anonymous_2)
FNDA:5,(anonymous_3)
DA:1,1
DA:2,8
DA:3,1
DA:6,7
DA:9,3
DA:11,2
DA:13,5
DA:16,5
DA:17,1
DA:20,5
LF:10
LH:10
BRDA:2,0,0,1
BRDA:2,0,1,7
BRDA:2,1,0,8
BRDA:2,1,1,2
BRDA:16,2,0,1
BRDA:16,2,1,4
BRF:6
BRH:6
end_of_record
